2016-12-02 4:45:51 - PHP Notice:  Undefined variable: boss_refinesearch in C:\xampp\htdocs\mircatus\system\storage\modification\admin\view\template\common\menu.tpl on line 10
2016-12-02 4:45:51 - PHP Notice:  Undefined variable: text_refinesearch in C:\xampp\htdocs\mircatus\system\storage\modification\admin\view\template\common\menu.tpl on line 10
2016-12-02 4:45:51 - PHP Notice:  Undefined variable: design in C:\xampp\htdocs\mircatus\system\storage\modification\admin\view\template\common\menu.tpl on line 88
2016-12-02 4:45:51 - PHP Notice:  Undefined variable: newssubscribe in C:\xampp\htdocs\mircatus\system\storage\modification\admin\view\template\common\menu.tpl on line 117
2016-12-02 4:45:51 - PHP Notice:  Undefined variable: text_newssubscribe in C:\xampp\htdocs\mircatus\system\storage\modification\admin\view\template\common\menu.tpl on line 117
2016-12-02 4:45:51 - PHP Notice:  Undefined variable: testimonial in C:\xampp\htdocs\mircatus\system\storage\modification\admin\view\template\common\menu.tpl on line 128
2016-12-02 4:45:51 - PHP Notice:  Undefined variable: text_testimonial in C:\xampp\htdocs\mircatus\system\storage\modification\admin\view\template\common\menu.tpl on line 128
2016-12-02 4:48:10 - PHP Notice:  Undefined variable: button_save in C:\xampp\htdocs\mircatus\admin\view\template\seller\setting.tpl on line 6
2016-12-02 4:48:10 - PHP Notice:  Undefined variable: button_cancel in C:\xampp\htdocs\mircatus\admin\view\template\seller\setting.tpl on line 7
2016-12-02 4:48:41 - PHP Notice:  Undefined variable: button_save in C:\xampp\htdocs\mircatus\admin\view\template\seller\setting.tpl on line 6
2016-12-02 4:48:41 - PHP Notice:  Undefined variable: button_cancel in C:\xampp\htdocs\mircatus\admin\view\template\seller\setting.tpl on line 7
2016-12-02 4:52:02 - PHP Notice:  Undefined variable: button_save in C:\xampp\htdocs\mircatus\admin\view\template\seller\setting.tpl on line 6
2016-12-02 4:52:02 - PHP Notice:  Undefined variable: button_cancel in C:\xampp\htdocs\mircatus\admin\view\template\seller\setting.tpl on line 7
2016-12-02 4:52:41 - PHP Notice:  Undefined index: USD in C:\xampp\htdocs\mircatus\system\library\cart\currency.php on line 25
2016-12-02 4:52:41 - PHP Notice:  Undefined index: USD in C:\xampp\htdocs\mircatus\system\library\cart\currency.php on line 26
2016-12-02 4:52:41 - PHP Notice:  Undefined index: USD in C:\xampp\htdocs\mircatus\system\library\cart\currency.php on line 27
2016-12-02 4:52:41 - PHP Notice:  Undefined index: USD in C:\xampp\htdocs\mircatus\system\library\cart\currency.php on line 30
2016-12-02 4:52:41 - PHP Notice:  Undefined index: USD in C:\xampp\htdocs\mircatus\system\library\cart\currency.php on line 25
2016-12-02 4:52:41 - PHP Notice:  Undefined index: USD in C:\xampp\htdocs\mircatus\system\library\cart\currency.php on line 26
2016-12-02 4:52:41 - PHP Notice:  Undefined index: USD in C:\xampp\htdocs\mircatus\system\library\cart\currency.php on line 27
2016-12-02 4:52:41 - PHP Notice:  Undefined index: USD in C:\xampp\htdocs\mircatus\system\library\cart\currency.php on line 30
2016-12-02 4:52:41 - PHP Notice:  Undefined index: USD in C:\xampp\htdocs\mircatus\system\library\cart\currency.php on line 25
2016-12-02 4:52:41 - PHP Notice:  Undefined index: USD in C:\xampp\htdocs\mircatus\system\library\cart\currency.php on line 26
2016-12-02 4:52:41 - PHP Notice:  Undefined index: USD in C:\xampp\htdocs\mircatus\system\library\cart\currency.php on line 27
2016-12-02 4:52:41 - PHP Notice:  Undefined index: USD in C:\xampp\htdocs\mircatus\system\library\cart\currency.php on line 30
2016-12-02 4:52:41 - PHP Notice:  Undefined index: USD in C:\xampp\htdocs\mircatus\system\library\cart\currency.php on line 25
2016-12-02 4:52:41 - PHP Notice:  Undefined index: USD in C:\xampp\htdocs\mircatus\system\library\cart\currency.php on line 26
2016-12-02 4:52:41 - PHP Notice:  Undefined index: USD in C:\xampp\htdocs\mircatus\system\library\cart\currency.php on line 27
2016-12-02 4:52:41 - PHP Notice:  Undefined index: USD in C:\xampp\htdocs\mircatus\system\library\cart\currency.php on line 30
2016-12-02 4:52:41 - PHP Notice:  Undefined index: USD in C:\xampp\htdocs\mircatus\system\library\cart\currency.php on line 25
2016-12-02 4:52:41 - PHP Notice:  Undefined index: USD in C:\xampp\htdocs\mircatus\system\library\cart\currency.php on line 26
2016-12-02 4:52:41 - PHP Notice:  Undefined index: USD in C:\xampp\htdocs\mircatus\system\library\cart\currency.php on line 27
2016-12-02 4:52:41 - PHP Notice:  Undefined index: USD in C:\xampp\htdocs\mircatus\system\library\cart\currency.php on line 30
2016-12-02 4:52:41 - PHP Notice:  Undefined index: USD in C:\xampp\htdocs\mircatus\system\library\cart\currency.php on line 25
2016-12-02 4:52:41 - PHP Notice:  Undefined index: USD in C:\xampp\htdocs\mircatus\system\library\cart\currency.php on line 26
2016-12-02 4:52:41 - PHP Notice:  Undefined index: USD in C:\xampp\htdocs\mircatus\system\library\cart\currency.php on line 27
2016-12-02 4:52:41 - PHP Notice:  Undefined index: USD in C:\xampp\htdocs\mircatus\system\library\cart\currency.php on line 30
2016-12-02 4:52:41 - PHP Notice:  Undefined index: USD in C:\xampp\htdocs\mircatus\system\library\cart\currency.php on line 25
2016-12-02 4:52:41 - PHP Notice:  Undefined index: USD in C:\xampp\htdocs\mircatus\system\library\cart\currency.php on line 26
2016-12-02 4:52:41 - PHP Notice:  Undefined index: USD in C:\xampp\htdocs\mircatus\system\library\cart\currency.php on line 27
2016-12-02 4:52:41 - PHP Notice:  Undefined index: USD in C:\xampp\htdocs\mircatus\system\library\cart\currency.php on line 30
2016-12-02 4:52:41 - PHP Notice:  Undefined index: USD in C:\xampp\htdocs\mircatus\system\library\cart\currency.php on line 25
2016-12-02 4:52:41 - PHP Notice:  Undefined index: USD in C:\xampp\htdocs\mircatus\system\library\cart\currency.php on line 26
2016-12-02 4:52:41 - PHP Notice:  Undefined index: USD in C:\xampp\htdocs\mircatus\system\library\cart\currency.php on line 27
2016-12-02 4:52:41 - PHP Notice:  Undefined index: USD in C:\xampp\htdocs\mircatus\system\library\cart\currency.php on line 30
2016-12-02 4:52:42 - PHP Notice:  Undefined index: USD in C:\xampp\htdocs\mircatus\system\library\cart\currency.php on line 25
2016-12-02 4:52:42 - PHP Notice:  Undefined index: USD in C:\xampp\htdocs\mircatus\system\library\cart\currency.php on line 26
2016-12-02 4:52:42 - PHP Notice:  Undefined index: USD in C:\xampp\htdocs\mircatus\system\library\cart\currency.php on line 27
2016-12-02 4:52:42 - PHP Notice:  Undefined index: USD in C:\xampp\htdocs\mircatus\system\library\cart\currency.php on line 30
2016-12-02 4:52:42 - PHP Notice:  Undefined index: USD in C:\xampp\htdocs\mircatus\system\library\cart\currency.php on line 25
2016-12-02 4:52:42 - PHP Notice:  Undefined index: USD in C:\xampp\htdocs\mircatus\system\library\cart\currency.php on line 26
2016-12-02 4:52:42 - PHP Notice:  Undefined index: USD in C:\xampp\htdocs\mircatus\system\library\cart\currency.php on line 27
2016-12-02 4:52:42 - PHP Notice:  Undefined index: USD in C:\xampp\htdocs\mircatus\system\library\cart\currency.php on line 30
2016-12-02 4:52:42 - PHP Notice:  Undefined index: USD in C:\xampp\htdocs\mircatus\system\library\cart\currency.php on line 25
2016-12-02 4:52:42 - PHP Notice:  Undefined index: USD in C:\xampp\htdocs\mircatus\system\library\cart\currency.php on line 26
2016-12-02 4:52:42 - PHP Notice:  Undefined index: USD in C:\xampp\htdocs\mircatus\system\library\cart\currency.php on line 27
2016-12-02 4:52:42 - PHP Notice:  Undefined index: USD in C:\xampp\htdocs\mircatus\system\library\cart\currency.php on line 30
2016-12-02 4:52:42 - PHP Notice:  Undefined index: USD in C:\xampp\htdocs\mircatus\system\library\cart\currency.php on line 25
2016-12-02 4:52:42 - PHP Notice:  Undefined index: USD in C:\xampp\htdocs\mircatus\system\library\cart\currency.php on line 26
2016-12-02 4:52:42 - PHP Notice:  Undefined index: USD in C:\xampp\htdocs\mircatus\system\library\cart\currency.php on line 27
2016-12-02 4:52:42 - PHP Notice:  Undefined index: USD in C:\xampp\htdocs\mircatus\system\library\cart\currency.php on line 30
2016-12-02 4:52:42 - PHP Notice:  Undefined index: USD in C:\xampp\htdocs\mircatus\system\library\cart\currency.php on line 25
2016-12-02 4:52:42 - PHP Notice:  Undefined index: USD in C:\xampp\htdocs\mircatus\system\library\cart\currency.php on line 26
2016-12-02 4:52:42 - PHP Notice:  Undefined index: USD in C:\xampp\htdocs\mircatus\system\library\cart\currency.php on line 27
2016-12-02 4:52:42 - PHP Notice:  Undefined index: USD in C:\xampp\htdocs\mircatus\system\library\cart\currency.php on line 30
2016-12-02 4:52:42 - PHP Notice:  Undefined index: USD in C:\xampp\htdocs\mircatus\system\library\cart\currency.php on line 25
2016-12-02 4:52:42 - PHP Notice:  Undefined index: USD in C:\xampp\htdocs\mircatus\system\library\cart\currency.php on line 26
2016-12-02 4:52:42 - PHP Notice:  Undefined index: USD in C:\xampp\htdocs\mircatus\system\library\cart\currency.php on line 27
2016-12-02 4:52:42 - PHP Notice:  Undefined index: USD in C:\xampp\htdocs\mircatus\system\library\cart\currency.php on line 30
2016-12-02 4:52:42 - PHP Notice:  Undefined index: USD in C:\xampp\htdocs\mircatus\system\library\cart\currency.php on line 25
2016-12-02 4:52:42 - PHP Notice:  Undefined index: USD in C:\xampp\htdocs\mircatus\system\library\cart\currency.php on line 26
2016-12-02 4:52:42 - PHP Notice:  Undefined index: USD in C:\xampp\htdocs\mircatus\system\library\cart\currency.php on line 27
2016-12-02 4:52:42 - PHP Notice:  Undefined index: USD in C:\xampp\htdocs\mircatus\system\library\cart\currency.php on line 30
2016-12-02 4:52:42 - PHP Notice:  Undefined index: USD in C:\xampp\htdocs\mircatus\system\library\cart\currency.php on line 25
2016-12-02 4:52:42 - PHP Notice:  Undefined index: USD in C:\xampp\htdocs\mircatus\system\library\cart\currency.php on line 26
2016-12-02 4:52:42 - PHP Notice:  Undefined index: USD in C:\xampp\htdocs\mircatus\system\library\cart\currency.php on line 27
2016-12-02 4:52:42 - PHP Notice:  Undefined index: USD in C:\xampp\htdocs\mircatus\system\library\cart\currency.php on line 30
2016-12-02 4:52:42 - PHP Notice:  Undefined index: USD in C:\xampp\htdocs\mircatus\system\library\cart\currency.php on line 25
2016-12-02 4:52:42 - PHP Notice:  Undefined index: USD in C:\xampp\htdocs\mircatus\system\library\cart\currency.php on line 26
2016-12-02 4:52:42 - PHP Notice:  Undefined index: USD in C:\xampp\htdocs\mircatus\system\library\cart\currency.php on line 27
2016-12-02 4:52:42 - PHP Notice:  Undefined index: USD in C:\xampp\htdocs\mircatus\system\library\cart\currency.php on line 30
2016-12-02 4:52:42 - PHP Notice:  Undefined index: USD in C:\xampp\htdocs\mircatus\system\library\cart\currency.php on line 25
2016-12-02 4:52:42 - PHP Notice:  Undefined index: USD in C:\xampp\htdocs\mircatus\system\library\cart\currency.php on line 26
2016-12-02 4:52:42 - PHP Notice:  Undefined index: USD in C:\xampp\htdocs\mircatus\system\library\cart\currency.php on line 27
2016-12-02 4:52:42 - PHP Notice:  Undefined index: USD in C:\xampp\htdocs\mircatus\system\library\cart\currency.php on line 30
2016-12-02 4:52:42 - PHP Notice:  Undefined index: USD in C:\xampp\htdocs\mircatus\system\library\cart\currency.php on line 25
2016-12-02 4:52:42 - PHP Notice:  Undefined index: USD in C:\xampp\htdocs\mircatus\system\library\cart\currency.php on line 26
2016-12-02 4:52:42 - PHP Notice:  Undefined index: USD in C:\xampp\htdocs\mircatus\system\library\cart\currency.php on line 27
2016-12-02 4:52:42 - PHP Notice:  Undefined index: USD in C:\xampp\htdocs\mircatus\system\library\cart\currency.php on line 30
2016-12-02 4:52:42 - PHP Notice:  Undefined index: USD in C:\xampp\htdocs\mircatus\system\library\cart\currency.php on line 25
2016-12-02 4:52:42 - PHP Notice:  Undefined index: USD in C:\xampp\htdocs\mircatus\system\library\cart\currency.php on line 26
2016-12-02 4:52:42 - PHP Notice:  Undefined index: USD in C:\xampp\htdocs\mircatus\system\library\cart\currency.php on line 27
2016-12-02 4:52:42 - PHP Notice:  Undefined index: USD in C:\xampp\htdocs\mircatus\system\library\cart\currency.php on line 30
2016-12-02 4:52:42 - PHP Notice:  Undefined index: USD in C:\xampp\htdocs\mircatus\system\library\cart\currency.php on line 25
2016-12-02 4:52:42 - PHP Notice:  Undefined index: USD in C:\xampp\htdocs\mircatus\system\library\cart\currency.php on line 26
2016-12-02 4:52:42 - PHP Notice:  Undefined index: USD in C:\xampp\htdocs\mircatus\system\library\cart\currency.php on line 27
2016-12-02 4:52:42 - PHP Notice:  Undefined index: USD in C:\xampp\htdocs\mircatus\system\library\cart\currency.php on line 30
2016-12-02 4:52:42 - PHP Notice:  Undefined index: USD in C:\xampp\htdocs\mircatus\system\library\cart\currency.php on line 25
2016-12-02 4:52:42 - PHP Notice:  Undefined index: USD in C:\xampp\htdocs\mircatus\system\library\cart\currency.php on line 26
2016-12-02 4:52:42 - PHP Notice:  Undefined index: USD in C:\xampp\htdocs\mircatus\system\library\cart\currency.php on line 27
2016-12-02 4:52:42 - PHP Notice:  Undefined index: USD in C:\xampp\htdocs\mircatus\system\library\cart\currency.php on line 30
2016-12-02 4:52:42 - PHP Notice:  Undefined index: USD in C:\xampp\htdocs\mircatus\system\library\cart\currency.php on line 25
2016-12-02 4:52:42 - PHP Notice:  Undefined index: USD in C:\xampp\htdocs\mircatus\system\library\cart\currency.php on line 26
2016-12-02 4:52:42 - PHP Notice:  Undefined index: USD in C:\xampp\htdocs\mircatus\system\library\cart\currency.php on line 27
2016-12-02 4:52:42 - PHP Notice:  Undefined index: USD in C:\xampp\htdocs\mircatus\system\library\cart\currency.php on line 30
2016-12-02 4:52:42 - PHP Notice:  Undefined index: USD in C:\xampp\htdocs\mircatus\system\library\cart\currency.php on line 25
2016-12-02 4:52:42 - PHP Notice:  Undefined index: USD in C:\xampp\htdocs\mircatus\system\library\cart\currency.php on line 26
2016-12-02 4:52:42 - PHP Notice:  Undefined index: USD in C:\xampp\htdocs\mircatus\system\library\cart\currency.php on line 27
2016-12-02 4:52:42 - PHP Notice:  Undefined index: USD in C:\xampp\htdocs\mircatus\system\library\cart\currency.php on line 30
2016-12-02 4:52:42 - PHP Notice:  Undefined index: USD in C:\xampp\htdocs\mircatus\system\library\cart\currency.php on line 25
2016-12-02 4:52:42 - PHP Notice:  Undefined index: USD in C:\xampp\htdocs\mircatus\system\library\cart\currency.php on line 26
2016-12-02 4:52:42 - PHP Notice:  Undefined index: USD in C:\xampp\htdocs\mircatus\system\library\cart\currency.php on line 27
2016-12-02 4:52:42 - PHP Notice:  Undefined index: USD in C:\xampp\htdocs\mircatus\system\library\cart\currency.php on line 30
2016-12-02 4:52:42 - PHP Notice:  Undefined index: USD in C:\xampp\htdocs\mircatus\system\library\cart\currency.php on line 25
2016-12-02 4:52:42 - PHP Notice:  Undefined index: USD in C:\xampp\htdocs\mircatus\system\library\cart\currency.php on line 26
2016-12-02 4:52:42 - PHP Notice:  Undefined index: USD in C:\xampp\htdocs\mircatus\system\library\cart\currency.php on line 27
2016-12-02 4:52:42 - PHP Notice:  Undefined index: USD in C:\xampp\htdocs\mircatus\system\library\cart\currency.php on line 30
2016-12-02 4:52:42 - PHP Notice:  Undefined index: USD in C:\xampp\htdocs\mircatus\system\library\cart\currency.php on line 25
2016-12-02 4:52:42 - PHP Notice:  Undefined index: USD in C:\xampp\htdocs\mircatus\system\library\cart\currency.php on line 26
2016-12-02 4:52:42 - PHP Notice:  Undefined index: USD in C:\xampp\htdocs\mircatus\system\library\cart\currency.php on line 27
2016-12-02 4:52:42 - PHP Notice:  Undefined index: USD in C:\xampp\htdocs\mircatus\system\library\cart\currency.php on line 30
2016-12-02 4:52:42 - PHP Notice:  Undefined index: USD in C:\xampp\htdocs\mircatus\system\library\cart\currency.php on line 25
2016-12-02 4:52:42 - PHP Notice:  Undefined index: USD in C:\xampp\htdocs\mircatus\system\library\cart\currency.php on line 26
2016-12-02 4:52:42 - PHP Notice:  Undefined index: USD in C:\xampp\htdocs\mircatus\system\library\cart\currency.php on line 27
2016-12-02 4:52:42 - PHP Notice:  Undefined index: USD in C:\xampp\htdocs\mircatus\system\library\cart\currency.php on line 30
2016-12-02 4:52:42 - PHP Notice:  Undefined index: USD in C:\xampp\htdocs\mircatus\system\library\cart\currency.php on line 25
2016-12-02 4:52:42 - PHP Notice:  Undefined index: USD in C:\xampp\htdocs\mircatus\system\library\cart\currency.php on line 26
2016-12-02 4:52:42 - PHP Notice:  Undefined index: USD in C:\xampp\htdocs\mircatus\system\library\cart\currency.php on line 27
2016-12-02 4:52:42 - PHP Notice:  Undefined index: USD in C:\xampp\htdocs\mircatus\system\library\cart\currency.php on line 30
2016-12-02 4:52:42 - PHP Notice:  Undefined index: USD in C:\xampp\htdocs\mircatus\system\library\cart\currency.php on line 25
2016-12-02 4:52:42 - PHP Notice:  Undefined index: USD in C:\xampp\htdocs\mircatus\system\library\cart\currency.php on line 26
2016-12-02 4:52:42 - PHP Notice:  Undefined index: USD in C:\xampp\htdocs\mircatus\system\library\cart\currency.php on line 27
2016-12-02 4:52:42 - PHP Notice:  Undefined index: USD in C:\xampp\htdocs\mircatus\system\library\cart\currency.php on line 30
2016-12-02 4:52:42 - PHP Notice:  Undefined index: USD in C:\xampp\htdocs\mircatus\system\library\cart\currency.php on line 25
2016-12-02 4:52:42 - PHP Notice:  Undefined index: USD in C:\xampp\htdocs\mircatus\system\library\cart\currency.php on line 26
2016-12-02 4:52:42 - PHP Notice:  Undefined index: USD in C:\xampp\htdocs\mircatus\system\library\cart\currency.php on line 27
2016-12-02 4:52:42 - PHP Notice:  Undefined index: USD in C:\xampp\htdocs\mircatus\system\library\cart\currency.php on line 30
2016-12-02 4:52:42 - PHP Notice:  Undefined index: USD in C:\xampp\htdocs\mircatus\system\library\cart\currency.php on line 25
2016-12-02 4:52:42 - PHP Notice:  Undefined index: USD in C:\xampp\htdocs\mircatus\system\library\cart\currency.php on line 26
2016-12-02 4:52:42 - PHP Notice:  Undefined index: USD in C:\xampp\htdocs\mircatus\system\library\cart\currency.php on line 27
2016-12-02 4:52:42 - PHP Notice:  Undefined index: USD in C:\xampp\htdocs\mircatus\system\library\cart\currency.php on line 30
2016-12-02 4:52:42 - PHP Notice:  Undefined index: USD in C:\xampp\htdocs\mircatus\system\library\cart\currency.php on line 25
2016-12-02 4:52:42 - PHP Notice:  Undefined index: USD in C:\xampp\htdocs\mircatus\system\library\cart\currency.php on line 26
2016-12-02 4:52:42 - PHP Notice:  Undefined index: USD in C:\xampp\htdocs\mircatus\system\library\cart\currency.php on line 27
2016-12-02 4:52:42 - PHP Notice:  Undefined index: USD in C:\xampp\htdocs\mircatus\system\library\cart\currency.php on line 30
2016-12-02 4:52:42 - PHP Notice:  Undefined index: USD in C:\xampp\htdocs\mircatus\system\library\cart\currency.php on line 25
2016-12-02 4:52:42 - PHP Notice:  Undefined index: USD in C:\xampp\htdocs\mircatus\system\library\cart\currency.php on line 26
2016-12-02 4:52:42 - PHP Notice:  Undefined index: USD in C:\xampp\htdocs\mircatus\system\library\cart\currency.php on line 27
2016-12-02 4:52:42 - PHP Notice:  Undefined index: USD in C:\xampp\htdocs\mircatus\system\library\cart\currency.php on line 30
2016-12-02 4:52:42 - PHP Notice:  Undefined index: USD in C:\xampp\htdocs\mircatus\system\library\cart\currency.php on line 25
2016-12-02 4:52:42 - PHP Notice:  Undefined index: USD in C:\xampp\htdocs\mircatus\system\library\cart\currency.php on line 26
2016-12-02 4:52:42 - PHP Notice:  Undefined index: USD in C:\xampp\htdocs\mircatus\system\library\cart\currency.php on line 27
2016-12-02 4:52:42 - PHP Notice:  Undefined index: USD in C:\xampp\htdocs\mircatus\system\library\cart\currency.php on line 30
2016-12-02 4:52:42 - PHP Notice:  Undefined index: USD in C:\xampp\htdocs\mircatus\system\library\cart\currency.php on line 25
2016-12-02 4:52:42 - PHP Notice:  Undefined index: USD in C:\xampp\htdocs\mircatus\system\library\cart\currency.php on line 26
2016-12-02 4:52:42 - PHP Notice:  Undefined index: USD in C:\xampp\htdocs\mircatus\system\library\cart\currency.php on line 27
2016-12-02 4:52:42 - PHP Notice:  Undefined index: USD in C:\xampp\htdocs\mircatus\system\library\cart\currency.php on line 30
2016-12-02 4:52:42 - PHP Notice:  Undefined index: USD in C:\xampp\htdocs\mircatus\system\library\cart\currency.php on line 25
2016-12-02 4:52:42 - PHP Notice:  Undefined index: USD in C:\xampp\htdocs\mircatus\system\library\cart\currency.php on line 26
2016-12-02 4:52:42 - PHP Notice:  Undefined index: USD in C:\xampp\htdocs\mircatus\system\library\cart\currency.php on line 27
2016-12-02 4:52:42 - PHP Notice:  Undefined index: USD in C:\xampp\htdocs\mircatus\system\library\cart\currency.php on line 30
2016-12-02 4:52:42 - PHP Notice:  Undefined index: USD in C:\xampp\htdocs\mircatus\system\library\cart\currency.php on line 25
2016-12-02 4:52:42 - PHP Notice:  Undefined index: USD in C:\xampp\htdocs\mircatus\system\library\cart\currency.php on line 26
2016-12-02 4:52:42 - PHP Notice:  Undefined index: USD in C:\xampp\htdocs\mircatus\system\library\cart\currency.php on line 27
2016-12-02 4:52:42 - PHP Notice:  Undefined index: USD in C:\xampp\htdocs\mircatus\system\library\cart\currency.php on line 30
2016-12-02 4:52:42 - PHP Notice:  Undefined index: USD in C:\xampp\htdocs\mircatus\system\library\cart\currency.php on line 25
2016-12-02 4:52:42 - PHP Notice:  Undefined index: USD in C:\xampp\htdocs\mircatus\system\library\cart\currency.php on line 26
2016-12-02 4:52:42 - PHP Notice:  Undefined index: USD in C:\xampp\htdocs\mircatus\system\library\cart\currency.php on line 27
2016-12-02 4:52:42 - PHP Notice:  Undefined index: USD in C:\xampp\htdocs\mircatus\system\library\cart\currency.php on line 30
2016-12-02 4:52:42 - PHP Notice:  Undefined index: USD in C:\xampp\htdocs\mircatus\system\library\cart\currency.php on line 25
2016-12-02 4:52:42 - PHP Notice:  Undefined index: USD in C:\xampp\htdocs\mircatus\system\library\cart\currency.php on line 26
2016-12-02 4:52:42 - PHP Notice:  Undefined index: USD in C:\xampp\htdocs\mircatus\system\library\cart\currency.php on line 27
2016-12-02 4:52:42 - PHP Notice:  Undefined index: USD in C:\xampp\htdocs\mircatus\system\library\cart\currency.php on line 30
2016-12-02 4:52:42 - PHP Notice:  Undefined index: USD in C:\xampp\htdocs\mircatus\system\library\cart\currency.php on line 25
2016-12-02 4:52:42 - PHP Notice:  Undefined index: USD in C:\xampp\htdocs\mircatus\system\library\cart\currency.php on line 26
2016-12-02 4:52:42 - PHP Notice:  Undefined index: USD in C:\xampp\htdocs\mircatus\system\library\cart\currency.php on line 27
2016-12-02 4:52:42 - PHP Notice:  Undefined index: USD in C:\xampp\htdocs\mircatus\system\library\cart\currency.php on line 30
2016-12-02 4:52:42 - PHP Notice:  Undefined index: USD in C:\xampp\htdocs\mircatus\system\library\cart\currency.php on line 25
2016-12-02 4:52:42 - PHP Notice:  Undefined index: USD in C:\xampp\htdocs\mircatus\system\library\cart\currency.php on line 26
2016-12-02 4:52:42 - PHP Notice:  Undefined index: USD in C:\xampp\htdocs\mircatus\system\library\cart\currency.php on line 27
2016-12-02 4:52:42 - PHP Notice:  Undefined index: USD in C:\xampp\htdocs\mircatus\system\library\cart\currency.php on line 30
2016-12-02 4:52:42 - PHP Notice:  Undefined index: USD in C:\xampp\htdocs\mircatus\system\library\cart\currency.php on line 25
2016-12-02 4:52:42 - PHP Notice:  Undefined index: USD in C:\xampp\htdocs\mircatus\system\library\cart\currency.php on line 26
2016-12-02 4:52:42 - PHP Notice:  Undefined index: USD in C:\xampp\htdocs\mircatus\system\library\cart\currency.php on line 27
2016-12-02 4:52:42 - PHP Notice:  Undefined index: USD in C:\xampp\htdocs\mircatus\system\library\cart\currency.php on line 30
2016-12-02 4:52:42 - PHP Notice:  Undefined index: USD in C:\xampp\htdocs\mircatus\system\library\cart\currency.php on line 25
2016-12-02 4:52:42 - PHP Notice:  Undefined index: USD in C:\xampp\htdocs\mircatus\system\library\cart\currency.php on line 26
2016-12-02 4:52:42 - PHP Notice:  Undefined index: USD in C:\xampp\htdocs\mircatus\system\library\cart\currency.php on line 27
2016-12-02 4:52:42 - PHP Notice:  Undefined index: USD in C:\xampp\htdocs\mircatus\system\library\cart\currency.php on line 30
2016-12-02 4:52:42 - PHP Notice:  Undefined index: USD in C:\xampp\htdocs\mircatus\system\library\cart\currency.php on line 25
2016-12-02 4:52:42 - PHP Notice:  Undefined index: USD in C:\xampp\htdocs\mircatus\system\library\cart\currency.php on line 26
2016-12-02 4:52:42 - PHP Notice:  Undefined index: USD in C:\xampp\htdocs\mircatus\system\library\cart\currency.php on line 27
2016-12-02 4:52:42 - PHP Notice:  Undefined index: USD in C:\xampp\htdocs\mircatus\system\library\cart\currency.php on line 30
2016-12-02 4:52:42 - PHP Notice:  Undefined index: USD in C:\xampp\htdocs\mircatus\system\library\cart\currency.php on line 25
2016-12-02 4:52:42 - PHP Notice:  Undefined index: USD in C:\xampp\htdocs\mircatus\system\library\cart\currency.php on line 26
2016-12-02 4:52:42 - PHP Notice:  Undefined index: USD in C:\xampp\htdocs\mircatus\system\library\cart\currency.php on line 27
2016-12-02 4:52:42 - PHP Notice:  Undefined index: USD in C:\xampp\htdocs\mircatus\system\library\cart\currency.php on line 30
2016-12-02 4:52:42 - PHP Notice:  Undefined index: USD in C:\xampp\htdocs\mircatus\system\library\cart\currency.php on line 25
2016-12-02 4:52:42 - PHP Notice:  Undefined index: USD in C:\xampp\htdocs\mircatus\system\library\cart\currency.php on line 26
2016-12-02 4:52:42 - PHP Notice:  Undefined index: USD in C:\xampp\htdocs\mircatus\system\library\cart\currency.php on line 27
2016-12-02 4:52:42 - PHP Notice:  Undefined index: USD in C:\xampp\htdocs\mircatus\system\library\cart\currency.php on line 30
2016-12-02 4:52:42 - PHP Notice:  Undefined index: USD in C:\xampp\htdocs\mircatus\system\library\cart\currency.php on line 25
2016-12-02 4:52:42 - PHP Notice:  Undefined index: USD in C:\xampp\htdocs\mircatus\system\library\cart\currency.php on line 26
2016-12-02 4:52:42 - PHP Notice:  Undefined index: USD in C:\xampp\htdocs\mircatus\system\library\cart\currency.php on line 27
2016-12-02 4:52:42 - PHP Notice:  Undefined index: USD in C:\xampp\htdocs\mircatus\system\library\cart\currency.php on line 30
2016-12-02 4:52:42 - PHP Notice:  Undefined index: USD in C:\xampp\htdocs\mircatus\system\library\cart\currency.php on line 25
2016-12-02 4:52:42 - PHP Notice:  Undefined index: USD in C:\xampp\htdocs\mircatus\system\library\cart\currency.php on line 26
2016-12-02 4:52:42 - PHP Notice:  Undefined index: USD in C:\xampp\htdocs\mircatus\system\library\cart\currency.php on line 27
2016-12-02 4:52:42 - PHP Notice:  Undefined index: USD in C:\xampp\htdocs\mircatus\system\library\cart\currency.php on line 30
2016-12-02 4:52:42 - PHP Notice:  Undefined index: USD in C:\xampp\htdocs\mircatus\system\library\cart\currency.php on line 25
2016-12-02 4:52:42 - PHP Notice:  Undefined index: USD in C:\xampp\htdocs\mircatus\system\library\cart\currency.php on line 26
2016-12-02 4:52:42 - PHP Notice:  Undefined index: USD in C:\xampp\htdocs\mircatus\system\library\cart\currency.php on line 27
2016-12-02 4:52:42 - PHP Notice:  Undefined index: USD in C:\xampp\htdocs\mircatus\system\library\cart\currency.php on line 30
2016-12-02 4:52:42 - PHP Notice:  Undefined index: USD in C:\xampp\htdocs\mircatus\system\library\cart\currency.php on line 25
2016-12-02 4:52:42 - PHP Notice:  Undefined index: USD in C:\xampp\htdocs\mircatus\system\library\cart\currency.php on line 26
2016-12-02 4:52:42 - PHP Notice:  Undefined index: USD in C:\xampp\htdocs\mircatus\system\library\cart\currency.php on line 27
2016-12-02 4:52:42 - PHP Notice:  Undefined index: USD in C:\xampp\htdocs\mircatus\system\library\cart\currency.php on line 30
2016-12-02 4:52:42 - PHP Notice:  Undefined index: USD in C:\xampp\htdocs\mircatus\system\library\cart\currency.php on line 25
2016-12-02 4:52:42 - PHP Notice:  Undefined index: USD in C:\xampp\htdocs\mircatus\system\library\cart\currency.php on line 26
2016-12-02 4:52:42 - PHP Notice:  Undefined index: USD in C:\xampp\htdocs\mircatus\system\library\cart\currency.php on line 27
2016-12-02 4:52:42 - PHP Notice:  Undefined index: USD in C:\xampp\htdocs\mircatus\system\library\cart\currency.php on line 30
2016-12-02 4:52:42 - PHP Notice:  Undefined index: USD in C:\xampp\htdocs\mircatus\system\library\cart\currency.php on line 25
2016-12-02 4:52:42 - PHP Notice:  Undefined index: USD in C:\xampp\htdocs\mircatus\system\library\cart\currency.php on line 26
2016-12-02 4:52:42 - PHP Notice:  Undefined index: USD in C:\xampp\htdocs\mircatus\system\library\cart\currency.php on line 27
2016-12-02 4:52:42 - PHP Notice:  Undefined index: USD in C:\xampp\htdocs\mircatus\system\library\cart\currency.php on line 30
2016-12-02 4:52:42 - PHP Notice:  Undefined index: USD in C:\xampp\htdocs\mircatus\system\library\cart\currency.php on line 25
2016-12-02 4:52:42 - PHP Notice:  Undefined index: USD in C:\xampp\htdocs\mircatus\system\library\cart\currency.php on line 26
2016-12-02 4:52:42 - PHP Notice:  Undefined index: USD in C:\xampp\htdocs\mircatus\system\library\cart\currency.php on line 27
2016-12-02 4:52:42 - PHP Notice:  Undefined index: USD in C:\xampp\htdocs\mircatus\system\library\cart\currency.php on line 30
2016-12-02 4:52:42 - PHP Notice:  Undefined index: USD in C:\xampp\htdocs\mircatus\system\library\cart\currency.php on line 25
2016-12-02 4:52:42 - PHP Notice:  Undefined index: USD in C:\xampp\htdocs\mircatus\system\library\cart\currency.php on line 26
2016-12-02 4:52:42 - PHP Notice:  Undefined index: USD in C:\xampp\htdocs\mircatus\system\library\cart\currency.php on line 27
2016-12-02 4:52:42 - PHP Notice:  Undefined index: USD in C:\xampp\htdocs\mircatus\system\library\cart\currency.php on line 30
2016-12-02 4:52:42 - PHP Notice:  Undefined index: USD in C:\xampp\htdocs\mircatus\system\library\cart\currency.php on line 25
2016-12-02 4:52:42 - PHP Notice:  Undefined index: USD in C:\xampp\htdocs\mircatus\system\library\cart\currency.php on line 26
2016-12-02 4:52:42 - PHP Notice:  Undefined index: USD in C:\xampp\htdocs\mircatus\system\library\cart\currency.php on line 27
2016-12-02 4:52:42 - PHP Notice:  Undefined index: USD in C:\xampp\htdocs\mircatus\system\library\cart\currency.php on line 30
2016-12-02 4:52:42 - PHP Notice:  Undefined index: USD in C:\xampp\htdocs\mircatus\system\library\cart\currency.php on line 25
2016-12-02 4:52:42 - PHP Notice:  Undefined index: USD in C:\xampp\htdocs\mircatus\system\library\cart\currency.php on line 26
2016-12-02 4:52:42 - PHP Notice:  Undefined index: USD in C:\xampp\htdocs\mircatus\system\library\cart\currency.php on line 27
2016-12-02 4:52:42 - PHP Notice:  Undefined index: USD in C:\xampp\htdocs\mircatus\system\library\cart\currency.php on line 30
2016-12-02 4:52:42 - PHP Notice:  Undefined index: USD in C:\xampp\htdocs\mircatus\system\library\cart\currency.php on line 25
2016-12-02 4:52:42 - PHP Notice:  Undefined index: USD in C:\xampp\htdocs\mircatus\system\library\cart\currency.php on line 26
2016-12-02 4:52:42 - PHP Notice:  Undefined index: USD in C:\xampp\htdocs\mircatus\system\library\cart\currency.php on line 27
2016-12-02 4:52:42 - PHP Notice:  Undefined index: USD in C:\xampp\htdocs\mircatus\system\library\cart\currency.php on line 30
2016-12-02 4:52:42 - PHP Notice:  Undefined index: USD in C:\xampp\htdocs\mircatus\system\library\cart\currency.php on line 25
2016-12-02 4:52:42 - PHP Notice:  Undefined index: USD in C:\xampp\htdocs\mircatus\system\library\cart\currency.php on line 26
2016-12-02 4:52:42 - PHP Notice:  Undefined index: USD in C:\xampp\htdocs\mircatus\system\library\cart\currency.php on line 27
2016-12-02 4:52:42 - PHP Notice:  Undefined index: USD in C:\xampp\htdocs\mircatus\system\library\cart\currency.php on line 30
2016-12-02 4:52:42 - PHP Notice:  Undefined index: USD in C:\xampp\htdocs\mircatus\system\library\cart\currency.php on line 25
2016-12-02 4:52:42 - PHP Notice:  Undefined index: USD in C:\xampp\htdocs\mircatus\system\library\cart\currency.php on line 26
2016-12-02 4:52:42 - PHP Notice:  Undefined index: USD in C:\xampp\htdocs\mircatus\system\library\cart\currency.php on line 27
2016-12-02 4:52:42 - PHP Notice:  Undefined index: USD in C:\xampp\htdocs\mircatus\system\library\cart\currency.php on line 30
2016-12-02 4:52:42 - PHP Notice:  Undefined index: USD in C:\xampp\htdocs\mircatus\system\library\cart\currency.php on line 25
2016-12-02 4:52:42 - PHP Notice:  Undefined index: USD in C:\xampp\htdocs\mircatus\system\library\cart\currency.php on line 26
2016-12-02 4:52:42 - PHP Notice:  Undefined index: USD in C:\xampp\htdocs\mircatus\system\library\cart\currency.php on line 27
2016-12-02 4:52:42 - PHP Notice:  Undefined index: USD in C:\xampp\htdocs\mircatus\system\library\cart\currency.php on line 30
2016-12-02 4:52:42 - PHP Notice:  Undefined index: USD in C:\xampp\htdocs\mircatus\system\library\cart\currency.php on line 25
2016-12-02 4:52:42 - PHP Notice:  Undefined index: USD in C:\xampp\htdocs\mircatus\system\library\cart\currency.php on line 26
2016-12-02 4:52:42 - PHP Notice:  Undefined index: USD in C:\xampp\htdocs\mircatus\system\library\cart\currency.php on line 27
2016-12-02 4:52:42 - PHP Notice:  Undefined index: USD in C:\xampp\htdocs\mircatus\system\library\cart\currency.php on line 30
2016-12-02 4:52:42 - PHP Notice:  Undefined index: USD in C:\xampp\htdocs\mircatus\system\library\cart\currency.php on line 25
2016-12-02 4:52:42 - PHP Notice:  Undefined index: USD in C:\xampp\htdocs\mircatus\system\library\cart\currency.php on line 26
2016-12-02 4:52:42 - PHP Notice:  Undefined index: USD in C:\xampp\htdocs\mircatus\system\library\cart\currency.php on line 27
2016-12-02 4:52:42 - PHP Notice:  Undefined index: USD in C:\xampp\htdocs\mircatus\system\library\cart\currency.php on line 30
2016-12-02 4:52:42 - PHP Notice:  Undefined index: USD in C:\xampp\htdocs\mircatus\system\library\cart\currency.php on line 25
2016-12-02 4:52:42 - PHP Notice:  Undefined index: USD in C:\xampp\htdocs\mircatus\system\library\cart\currency.php on line 26
2016-12-02 4:52:42 - PHP Notice:  Undefined index: USD in C:\xampp\htdocs\mircatus\system\library\cart\currency.php on line 27
2016-12-02 4:52:42 - PHP Notice:  Undefined index: USD in C:\xampp\htdocs\mircatus\system\library\cart\currency.php on line 30
2016-12-02 4:52:42 - PHP Notice:  Undefined index: USD in C:\xampp\htdocs\mircatus\system\library\cart\currency.php on line 25
2016-12-02 4:52:42 - PHP Notice:  Undefined index: USD in C:\xampp\htdocs\mircatus\system\library\cart\currency.php on line 26
2016-12-02 4:52:42 - PHP Notice:  Undefined index: USD in C:\xampp\htdocs\mircatus\system\library\cart\currency.php on line 27
2016-12-02 4:52:42 - PHP Notice:  Undefined index: USD in C:\xampp\htdocs\mircatus\system\library\cart\currency.php on line 30
2016-12-02 4:52:42 - PHP Notice:  Undefined index: USD in C:\xampp\htdocs\mircatus\system\library\cart\currency.php on line 25
2016-12-02 4:52:42 - PHP Notice:  Undefined index: USD in C:\xampp\htdocs\mircatus\system\library\cart\currency.php on line 26
2016-12-02 4:52:42 - PHP Notice:  Undefined index: USD in C:\xampp\htdocs\mircatus\system\library\cart\currency.php on line 27
2016-12-02 4:52:42 - PHP Notice:  Undefined index: USD in C:\xampp\htdocs\mircatus\system\library\cart\currency.php on line 30
2016-12-02 4:52:42 - PHP Notice:  Undefined index: USD in C:\xampp\htdocs\mircatus\system\library\cart\currency.php on line 25
2016-12-02 4:52:42 - PHP Notice:  Undefined index: USD in C:\xampp\htdocs\mircatus\system\library\cart\currency.php on line 26
2016-12-02 4:52:42 - PHP Notice:  Undefined index: USD in C:\xampp\htdocs\mircatus\system\library\cart\currency.php on line 27
2016-12-02 4:52:42 - PHP Notice:  Undefined index: USD in C:\xampp\htdocs\mircatus\system\library\cart\currency.php on line 30
2016-12-02 4:52:42 - PHP Notice:  Undefined index: USD in C:\xampp\htdocs\mircatus\system\library\cart\currency.php on line 25
2016-12-02 4:52:42 - PHP Notice:  Undefined index: USD in C:\xampp\htdocs\mircatus\system\library\cart\currency.php on line 26
2016-12-02 4:52:42 - PHP Notice:  Undefined index: USD in C:\xampp\htdocs\mircatus\system\library\cart\currency.php on line 27
2016-12-02 4:52:42 - PHP Notice:  Undefined index: USD in C:\xampp\htdocs\mircatus\system\library\cart\currency.php on line 30
2016-12-02 4:52:42 - PHP Notice:  Undefined index: USD in C:\xampp\htdocs\mircatus\system\library\cart\currency.php on line 25
2016-12-02 4:52:42 - PHP Notice:  Undefined index: USD in C:\xampp\htdocs\mircatus\system\library\cart\currency.php on line 26
2016-12-02 4:52:42 - PHP Notice:  Undefined index: USD in C:\xampp\htdocs\mircatus\system\library\cart\currency.php on line 27
2016-12-02 4:52:42 - PHP Notice:  Undefined index: USD in C:\xampp\htdocs\mircatus\system\library\cart\currency.php on line 30
2016-12-02 4:52:42 - PHP Notice:  Undefined index: USD in C:\xampp\htdocs\mircatus\system\library\cart\currency.php on line 25
2016-12-02 4:52:42 - PHP Notice:  Undefined index: USD in C:\xampp\htdocs\mircatus\system\library\cart\currency.php on line 26
2016-12-02 4:52:42 - PHP Notice:  Undefined index: USD in C:\xampp\htdocs\mircatus\system\library\cart\currency.php on line 27
2016-12-02 4:52:42 - PHP Notice:  Undefined index: USD in C:\xampp\htdocs\mircatus\system\library\cart\currency.php on line 30
2016-12-02 4:52:42 - PHP Notice:  Undefined index: USD in C:\xampp\htdocs\mircatus\system\library\cart\currency.php on line 25
2016-12-02 4:52:42 - PHP Notice:  Undefined index: USD in C:\xampp\htdocs\mircatus\system\library\cart\currency.php on line 26
2016-12-02 4:52:42 - PHP Notice:  Undefined index: USD in C:\xampp\htdocs\mircatus\system\library\cart\currency.php on line 27
2016-12-02 4:52:42 - PHP Notice:  Undefined index: USD in C:\xampp\htdocs\mircatus\system\library\cart\currency.php on line 30
2016-12-02 4:52:42 - PHP Notice:  Undefined index: USD in C:\xampp\htdocs\mircatus\system\library\cart\currency.php on line 25
2016-12-02 4:52:42 - PHP Notice:  Undefined index: USD in C:\xampp\htdocs\mircatus\system\library\cart\currency.php on line 26
2016-12-02 4:52:42 - PHP Notice:  Undefined index: USD in C:\xampp\htdocs\mircatus\system\library\cart\currency.php on line 27
2016-12-02 4:52:42 - PHP Notice:  Undefined index: USD in C:\xampp\htdocs\mircatus\system\library\cart\currency.php on line 30
2016-12-02 4:52:42 - PHP Notice:  Undefined index: USD in C:\xampp\htdocs\mircatus\system\library\cart\currency.php on line 25
2016-12-02 4:52:42 - PHP Notice:  Undefined index: USD in C:\xampp\htdocs\mircatus\system\library\cart\currency.php on line 26
2016-12-02 4:52:42 - PHP Notice:  Undefined index: USD in C:\xampp\htdocs\mircatus\system\library\cart\currency.php on line 27
2016-12-02 4:52:42 - PHP Notice:  Undefined index: USD in C:\xampp\htdocs\mircatus\system\library\cart\currency.php on line 30
2016-12-02 4:52:42 - PHP Notice:  Undefined index: USD in C:\xampp\htdocs\mircatus\system\library\cart\currency.php on line 25
2016-12-02 4:52:42 - PHP Notice:  Undefined index: USD in C:\xampp\htdocs\mircatus\system\library\cart\currency.php on line 26
2016-12-02 4:52:42 - PHP Notice:  Undefined index: USD in C:\xampp\htdocs\mircatus\system\library\cart\currency.php on line 27
2016-12-02 4:52:42 - PHP Notice:  Undefined index: USD in C:\xampp\htdocs\mircatus\system\library\cart\currency.php on line 30
2016-12-02 4:52:42 - PHP Notice:  Undefined index: USD in C:\xampp\htdocs\mircatus\system\library\cart\currency.php on line 25
2016-12-02 4:52:42 - PHP Notice:  Undefined index: USD in C:\xampp\htdocs\mircatus\system\library\cart\currency.php on line 26
2016-12-02 4:52:42 - PHP Notice:  Undefined index: USD in C:\xampp\htdocs\mircatus\system\library\cart\currency.php on line 27
2016-12-02 4:52:42 - PHP Notice:  Undefined index: USD in C:\xampp\htdocs\mircatus\system\library\cart\currency.php on line 30
2016-12-02 4:52:42 - PHP Notice:  Undefined index: USD in C:\xampp\htdocs\mircatus\system\library\cart\currency.php on line 25
2016-12-02 4:52:42 - PHP Notice:  Undefined index: USD in C:\xampp\htdocs\mircatus\system\library\cart\currency.php on line 26
2016-12-02 4:52:42 - PHP Notice:  Undefined index: USD in C:\xampp\htdocs\mircatus\system\library\cart\currency.php on line 27
2016-12-02 4:52:42 - PHP Notice:  Undefined index: USD in C:\xampp\htdocs\mircatus\system\library\cart\currency.php on line 30
2016-12-02 4:52:42 - PHP Notice:  Undefined index: USD in C:\xampp\htdocs\mircatus\system\library\cart\currency.php on line 25
2016-12-02 4:52:42 - PHP Notice:  Undefined index: USD in C:\xampp\htdocs\mircatus\system\library\cart\currency.php on line 26
2016-12-02 4:52:42 - PHP Notice:  Undefined index: USD in C:\xampp\htdocs\mircatus\system\library\cart\currency.php on line 27
2016-12-02 4:52:42 - PHP Notice:  Undefined index: USD in C:\xampp\htdocs\mircatus\system\library\cart\currency.php on line 30
2016-12-02 4:52:42 - PHP Notice:  Undefined index: USD in C:\xampp\htdocs\mircatus\system\library\cart\currency.php on line 25
2016-12-02 4:52:42 - PHP Notice:  Undefined index: USD in C:\xampp\htdocs\mircatus\system\library\cart\currency.php on line 26
2016-12-02 4:52:42 - PHP Notice:  Undefined index: USD in C:\xampp\htdocs\mircatus\system\library\cart\currency.php on line 27
2016-12-02 4:52:42 - PHP Notice:  Undefined index: USD in C:\xampp\htdocs\mircatus\system\library\cart\currency.php on line 30
2016-12-02 4:52:42 - PHP Notice:  Undefined index: USD in C:\xampp\htdocs\mircatus\system\library\cart\currency.php on line 25
2016-12-02 4:52:42 - PHP Notice:  Undefined index: USD in C:\xampp\htdocs\mircatus\system\library\cart\currency.php on line 26
2016-12-02 4:52:42 - PHP Notice:  Undefined index: USD in C:\xampp\htdocs\mircatus\system\library\cart\currency.php on line 27
2016-12-02 4:52:42 - PHP Notice:  Undefined index: USD in C:\xampp\htdocs\mircatus\system\library\cart\currency.php on line 30
2016-12-02 4:52:42 - PHP Notice:  Undefined index: USD in C:\xampp\htdocs\mircatus\system\library\cart\currency.php on line 25
2016-12-02 4:52:42 - PHP Notice:  Undefined index: USD in C:\xampp\htdocs\mircatus\system\library\cart\currency.php on line 26
2016-12-02 4:52:42 - PHP Notice:  Undefined index: USD in C:\xampp\htdocs\mircatus\system\library\cart\currency.php on line 27
2016-12-02 4:52:42 - PHP Notice:  Undefined index: USD in C:\xampp\htdocs\mircatus\system\library\cart\currency.php on line 30
2016-12-02 4:52:42 - PHP Notice:  Undefined index: USD in C:\xampp\htdocs\mircatus\system\library\cart\currency.php on line 25
2016-12-02 4:52:42 - PHP Notice:  Undefined index: USD in C:\xampp\htdocs\mircatus\system\library\cart\currency.php on line 26
2016-12-02 4:52:42 - PHP Notice:  Undefined index: USD in C:\xampp\htdocs\mircatus\system\library\cart\currency.php on line 27
2016-12-02 4:52:42 - PHP Notice:  Undefined index: USD in C:\xampp\htdocs\mircatus\system\library\cart\currency.php on line 30
2016-12-02 4:52:42 - PHP Notice:  Undefined index: USD in C:\xampp\htdocs\mircatus\system\library\cart\currency.php on line 25
2016-12-02 4:52:42 - PHP Notice:  Undefined index: USD in C:\xampp\htdocs\mircatus\system\library\cart\currency.php on line 26
2016-12-02 4:52:42 - PHP Notice:  Undefined index: USD in C:\xampp\htdocs\mircatus\system\library\cart\currency.php on line 27
2016-12-02 4:52:42 - PHP Notice:  Undefined index: USD in C:\xampp\htdocs\mircatus\system\library\cart\currency.php on line 30
2016-12-02 4:52:42 - PHP Notice:  Undefined index: USD in C:\xampp\htdocs\mircatus\system\library\cart\currency.php on line 25
2016-12-02 4:52:42 - PHP Notice:  Undefined index: USD in C:\xampp\htdocs\mircatus\system\library\cart\currency.php on line 26
2016-12-02 4:52:42 - PHP Notice:  Undefined index: USD in C:\xampp\htdocs\mircatus\system\library\cart\currency.php on line 27
2016-12-02 4:52:42 - PHP Notice:  Undefined index: USD in C:\xampp\htdocs\mircatus\system\library\cart\currency.php on line 30
2016-12-02 4:52:42 - PHP Notice:  Undefined index: USD in C:\xampp\htdocs\mircatus\system\library\cart\currency.php on line 25
2016-12-02 4:52:42 - PHP Notice:  Undefined index: USD in C:\xampp\htdocs\mircatus\system\library\cart\currency.php on line 26
2016-12-02 4:52:42 - PHP Notice:  Undefined index: USD in C:\xampp\htdocs\mircatus\system\library\cart\currency.php on line 27
2016-12-02 4:52:42 - PHP Notice:  Undefined index: USD in C:\xampp\htdocs\mircatus\system\library\cart\currency.php on line 30
2016-12-02 4:52:42 - PHP Notice:  Undefined index: USD in C:\xampp\htdocs\mircatus\system\library\cart\currency.php on line 25
2016-12-02 4:52:42 - PHP Notice:  Undefined index: USD in C:\xampp\htdocs\mircatus\system\library\cart\currency.php on line 26
2016-12-02 4:52:42 - PHP Notice:  Undefined index: USD in C:\xampp\htdocs\mircatus\system\library\cart\currency.php on line 27
2016-12-02 4:52:42 - PHP Notice:  Undefined index: USD in C:\xampp\htdocs\mircatus\system\library\cart\currency.php on line 30
2016-12-02 4:52:42 - PHP Notice:  Undefined index: USD in C:\xampp\htdocs\mircatus\system\library\cart\currency.php on line 25
2016-12-02 4:52:42 - PHP Notice:  Undefined index: USD in C:\xampp\htdocs\mircatus\system\library\cart\currency.php on line 26
2016-12-02 4:52:42 - PHP Notice:  Undefined index: USD in C:\xampp\htdocs\mircatus\system\library\cart\currency.php on line 27
2016-12-02 4:52:42 - PHP Notice:  Undefined index: USD in C:\xampp\htdocs\mircatus\system\library\cart\currency.php on line 30
2016-12-02 4:52:42 - PHP Notice:  Undefined index: USD in C:\xampp\htdocs\mircatus\system\library\cart\currency.php on line 25
2016-12-02 4:52:42 - PHP Notice:  Undefined index: USD in C:\xampp\htdocs\mircatus\system\library\cart\currency.php on line 26
2016-12-02 4:52:42 - PHP Notice:  Undefined index: USD in C:\xampp\htdocs\mircatus\system\library\cart\currency.php on line 27
2016-12-02 4:52:42 - PHP Notice:  Undefined index: USD in C:\xampp\htdocs\mircatus\system\library\cart\currency.php on line 30
2016-12-02 4:52:42 - PHP Notice:  Undefined index: USD in C:\xampp\htdocs\mircatus\system\library\cart\currency.php on line 25
2016-12-02 4:52:42 - PHP Notice:  Undefined index: USD in C:\xampp\htdocs\mircatus\system\library\cart\currency.php on line 26
2016-12-02 4:52:42 - PHP Notice:  Undefined index: USD in C:\xampp\htdocs\mircatus\system\library\cart\currency.php on line 27
2016-12-02 4:52:42 - PHP Notice:  Undefined index: USD in C:\xampp\htdocs\mircatus\system\library\cart\currency.php on line 30
2016-12-02 4:52:42 - PHP Notice:  Undefined index: USD in C:\xampp\htdocs\mircatus\system\library\cart\currency.php on line 25
2016-12-02 4:52:42 - PHP Notice:  Undefined index: USD in C:\xampp\htdocs\mircatus\system\library\cart\currency.php on line 26
2016-12-02 4:52:42 - PHP Notice:  Undefined index: USD in C:\xampp\htdocs\mircatus\system\library\cart\currency.php on line 27
2016-12-02 4:52:42 - PHP Notice:  Undefined index: USD in C:\xampp\htdocs\mircatus\system\library\cart\currency.php on line 30
2016-12-02 4:52:42 - PHP Notice:  Undefined index: USD in C:\xampp\htdocs\mircatus\system\library\cart\currency.php on line 25
2016-12-02 4:52:42 - PHP Notice:  Undefined index: USD in C:\xampp\htdocs\mircatus\system\library\cart\currency.php on line 26
2016-12-02 4:52:42 - PHP Notice:  Undefined index: USD in C:\xampp\htdocs\mircatus\system\library\cart\currency.php on line 27
2016-12-02 4:52:42 - PHP Notice:  Undefined index: USD in C:\xampp\htdocs\mircatus\system\library\cart\currency.php on line 30
2016-12-02 4:52:42 - PHP Notice:  Undefined index: USD in C:\xampp\htdocs\mircatus\system\library\cart\currency.php on line 25
2016-12-02 4:52:42 - PHP Notice:  Undefined index: USD in C:\xampp\htdocs\mircatus\system\library\cart\currency.php on line 26
2016-12-02 4:52:42 - PHP Notice:  Undefined index: USD in C:\xampp\htdocs\mircatus\system\library\cart\currency.php on line 27
2016-12-02 4:52:42 - PHP Notice:  Undefined index: USD in C:\xampp\htdocs\mircatus\system\library\cart\currency.php on line 30
2016-12-02 4:52:42 - PHP Notice:  Undefined index: USD in C:\xampp\htdocs\mircatus\system\library\cart\currency.php on line 25
2016-12-02 4:52:42 - PHP Notice:  Undefined index: USD in C:\xampp\htdocs\mircatus\system\library\cart\currency.php on line 26
2016-12-02 4:52:42 - PHP Notice:  Undefined index: USD in C:\xampp\htdocs\mircatus\system\library\cart\currency.php on line 27
2016-12-02 4:52:42 - PHP Notice:  Undefined index: USD in C:\xampp\htdocs\mircatus\system\library\cart\currency.php on line 30
2016-12-02 4:52:42 - PHP Notice:  Undefined index: USD in C:\xampp\htdocs\mircatus\system\library\cart\currency.php on line 25
2016-12-02 4:52:42 - PHP Notice:  Undefined index: USD in C:\xampp\htdocs\mircatus\system\library\cart\currency.php on line 26
2016-12-02 4:52:42 - PHP Notice:  Undefined index: USD in C:\xampp\htdocs\mircatus\system\library\cart\currency.php on line 27
2016-12-02 4:52:42 - PHP Notice:  Undefined index: USD in C:\xampp\htdocs\mircatus\system\library\cart\currency.php on line 30
2016-12-02 4:52:42 - PHP Notice:  Undefined index: USD in C:\xampp\htdocs\mircatus\system\library\cart\currency.php on line 25
2016-12-02 4:52:42 - PHP Notice:  Undefined index: USD in C:\xampp\htdocs\mircatus\system\library\cart\currency.php on line 26
2016-12-02 4:52:42 - PHP Notice:  Undefined index: USD in C:\xampp\htdocs\mircatus\system\library\cart\currency.php on line 27
2016-12-02 4:52:42 - PHP Notice:  Undefined index: USD in C:\xampp\htdocs\mircatus\system\library\cart\currency.php on line 30
2016-12-02 4:52:42 - PHP Notice:  Undefined index: USD in C:\xampp\htdocs\mircatus\system\library\cart\currency.php on line 25
2016-12-02 4:52:42 - PHP Notice:  Undefined index: USD in C:\xampp\htdocs\mircatus\system\library\cart\currency.php on line 26
2016-12-02 4:52:42 - PHP Notice:  Undefined index: USD in C:\xampp\htdocs\mircatus\system\library\cart\currency.php on line 27
2016-12-02 4:52:42 - PHP Notice:  Undefined index: USD in C:\xampp\htdocs\mircatus\system\library\cart\currency.php on line 30
2016-12-02 4:52:42 - PHP Notice:  Undefined index: USD in C:\xampp\htdocs\mircatus\system\library\cart\currency.php on line 25
2016-12-02 4:52:42 - PHP Notice:  Undefined index: USD in C:\xampp\htdocs\mircatus\system\library\cart\currency.php on line 26
2016-12-02 4:52:42 - PHP Notice:  Undefined index: USD in C:\xampp\htdocs\mircatus\system\library\cart\currency.php on line 27
2016-12-02 4:52:42 - PHP Notice:  Undefined index: USD in C:\xampp\htdocs\mircatus\system\library\cart\currency.php on line 30
2016-12-02 4:52:42 - PHP Notice:  Undefined index: USD in C:\xampp\htdocs\mircatus\system\library\cart\currency.php on line 25
2016-12-02 4:52:42 - PHP Notice:  Undefined index: USD in C:\xampp\htdocs\mircatus\system\library\cart\currency.php on line 26
2016-12-02 4:52:42 - PHP Notice:  Undefined index: USD in C:\xampp\htdocs\mircatus\system\library\cart\currency.php on line 27
2016-12-02 4:52:42 - PHP Notice:  Undefined index: USD in C:\xampp\htdocs\mircatus\system\library\cart\currency.php on line 30
2016-12-02 4:52:42 - PHP Notice:  Undefined index: USD in C:\xampp\htdocs\mircatus\system\library\cart\currency.php on line 25
2016-12-02 4:52:42 - PHP Notice:  Undefined index: USD in C:\xampp\htdocs\mircatus\system\library\cart\currency.php on line 26
2016-12-02 4:52:42 - PHP Notice:  Undefined index: USD in C:\xampp\htdocs\mircatus\system\library\cart\currency.php on line 27
2016-12-02 4:52:42 - PHP Notice:  Undefined index: USD in C:\xampp\htdocs\mircatus\system\library\cart\currency.php on line 30
2016-12-02 4:52:42 - PHP Notice:  Undefined index: USD in C:\xampp\htdocs\mircatus\system\library\cart\currency.php on line 25
2016-12-02 4:52:42 - PHP Notice:  Undefined index: USD in C:\xampp\htdocs\mircatus\system\library\cart\currency.php on line 26
2016-12-02 4:52:42 - PHP Notice:  Undefined index: USD in C:\xampp\htdocs\mircatus\system\library\cart\currency.php on line 27
2016-12-02 4:52:42 - PHP Notice:  Undefined index: USD in C:\xampp\htdocs\mircatus\system\library\cart\currency.php on line 30
2016-12-02 4:52:42 - PHP Notice:  Undefined index: USD in C:\xampp\htdocs\mircatus\system\library\cart\currency.php on line 25
2016-12-02 4:52:42 - PHP Notice:  Undefined index: USD in C:\xampp\htdocs\mircatus\system\library\cart\currency.php on line 26
2016-12-02 4:52:42 - PHP Notice:  Undefined index: USD in C:\xampp\htdocs\mircatus\system\library\cart\currency.php on line 27
2016-12-02 4:52:42 - PHP Notice:  Undefined index: USD in C:\xampp\htdocs\mircatus\system\library\cart\currency.php on line 30
2016-12-02 4:52:42 - PHP Notice:  Undefined index: USD in C:\xampp\htdocs\mircatus\system\library\cart\currency.php on line 25
2016-12-02 4:52:42 - PHP Notice:  Undefined index: USD in C:\xampp\htdocs\mircatus\system\library\cart\currency.php on line 26
2016-12-02 4:52:42 - PHP Notice:  Undefined index: USD in C:\xampp\htdocs\mircatus\system\library\cart\currency.php on line 27
2016-12-02 4:52:42 - PHP Notice:  Undefined index: USD in C:\xampp\htdocs\mircatus\system\library\cart\currency.php on line 30
2016-12-02 4:52:42 - PHP Notice:  Undefined index: USD in C:\xampp\htdocs\mircatus\system\library\cart\currency.php on line 25
2016-12-02 4:52:42 - PHP Notice:  Undefined index: USD in C:\xampp\htdocs\mircatus\system\library\cart\currency.php on line 26
2016-12-02 4:52:42 - PHP Notice:  Undefined index: USD in C:\xampp\htdocs\mircatus\system\library\cart\currency.php on line 27
2016-12-02 4:52:42 - PHP Notice:  Undefined index: USD in C:\xampp\htdocs\mircatus\system\library\cart\currency.php on line 30
2016-12-02 4:52:42 - PHP Notice:  Undefined index: USD in C:\xampp\htdocs\mircatus\system\library\cart\currency.php on line 25
2016-12-02 4:52:42 - PHP Notice:  Undefined index: USD in C:\xampp\htdocs\mircatus\system\library\cart\currency.php on line 26
2016-12-02 4:52:42 - PHP Notice:  Undefined index: USD in C:\xampp\htdocs\mircatus\system\library\cart\currency.php on line 27
2016-12-02 4:52:42 - PHP Notice:  Undefined index: USD in C:\xampp\htdocs\mircatus\system\library\cart\currency.php on line 30
2016-12-02 4:52:42 - PHP Notice:  Undefined index: USD in C:\xampp\htdocs\mircatus\system\library\cart\currency.php on line 25
2016-12-02 4:52:42 - PHP Notice:  Undefined index: USD in C:\xampp\htdocs\mircatus\system\library\cart\currency.php on line 26
2016-12-02 4:52:42 - PHP Notice:  Undefined index: USD in C:\xampp\htdocs\mircatus\system\library\cart\currency.php on line 27
2016-12-02 4:52:42 - PHP Notice:  Undefined index: USD in C:\xampp\htdocs\mircatus\system\library\cart\currency.php on line 30
2016-12-02 4:52:42 - PHP Notice:  Undefined index: USD in C:\xampp\htdocs\mircatus\system\library\cart\currency.php on line 25
2016-12-02 4:52:42 - PHP Notice:  Undefined index: USD in C:\xampp\htdocs\mircatus\system\library\cart\currency.php on line 26
2016-12-02 4:52:42 - PHP Notice:  Undefined index: USD in C:\xampp\htdocs\mircatus\system\library\cart\currency.php on line 27
2016-12-02 4:52:42 - PHP Notice:  Undefined index: USD in C:\xampp\htdocs\mircatus\system\library\cart\currency.php on line 30
2016-12-02 4:52:42 - PHP Notice:  Undefined index: USD in C:\xampp\htdocs\mircatus\system\library\cart\currency.php on line 25
2016-12-02 4:52:42 - PHP Notice:  Undefined index: USD in C:\xampp\htdocs\mircatus\system\library\cart\currency.php on line 26
2016-12-02 4:52:42 - PHP Notice:  Undefined index: USD in C:\xampp\htdocs\mircatus\system\library\cart\currency.php on line 27
2016-12-02 4:52:42 - PHP Notice:  Undefined index: USD in C:\xampp\htdocs\mircatus\system\library\cart\currency.php on line 30
2016-12-02 4:52:42 - PHP Notice:  Undefined index: USD in C:\xampp\htdocs\mircatus\system\library\cart\currency.php on line 25
2016-12-02 4:52:42 - PHP Notice:  Undefined index: USD in C:\xampp\htdocs\mircatus\system\library\cart\currency.php on line 26
2016-12-02 4:52:42 - PHP Notice:  Undefined index: USD in C:\xampp\htdocs\mircatus\system\library\cart\currency.php on line 27
2016-12-02 4:52:42 - PHP Notice:  Undefined index: USD in C:\xampp\htdocs\mircatus\system\library\cart\currency.php on line 30
2016-12-02 4:52:42 - PHP Notice:  Undefined index: USD in C:\xampp\htdocs\mircatus\system\library\cart\currency.php on line 25
2016-12-02 4:52:42 - PHP Notice:  Undefined index: USD in C:\xampp\htdocs\mircatus\system\library\cart\currency.php on line 26
2016-12-02 4:52:42 - PHP Notice:  Undefined index: USD in C:\xampp\htdocs\mircatus\system\library\cart\currency.php on line 27
2016-12-02 4:52:42 - PHP Notice:  Undefined index: USD in C:\xampp\htdocs\mircatus\system\library\cart\currency.php on line 30
2016-12-02 5:22:03 - PHP Notice:  Undefined variable: text_seller_agree in C:\xampp\htdocs\mircatus\catalog\view\theme\default\template\sellerprofile\sellerprofile_form.tpl on line 616
2016-12-02 5:23:54 - PHP Notice:  Undefined variable: button_save in C:\xampp\htdocs\mircatus\admin\view\template\seller\setting.tpl on line 6
2016-12-02 5:23:54 - PHP Notice:  Undefined variable: button_cancel in C:\xampp\htdocs\mircatus\admin\view\template\seller\setting.tpl on line 7
2016-12-02 5:24:04 - PHP Notice:  Undefined variable: button_save in C:\xampp\htdocs\mircatus\admin\view\template\seller\setting.tpl on line 6
2016-12-02 5:24:04 - PHP Notice:  Undefined variable: button_cancel in C:\xampp\htdocs\mircatus\admin\view\template\seller\setting.tpl on line 7
2016-12-02 5:25:23 - PHP Notice:  Undefined variable: button_remove in C:\xampp\htdocs\mircatus\catalog\view\theme\default\template\sellerproduct\product_form.tpl on line 1268
2016-12-02 5:25:23 - PHP Notice:  Undefined variable: button_remove in C:\xampp\htdocs\mircatus\catalog\view\theme\default\template\sellerproduct\product_form.tpl on line 1470
2016-12-02 5:25:23 - PHP Notice:  Undefined variable: button_remove in C:\xampp\htdocs\mircatus\catalog\view\theme\default\template\sellerproduct\product_form.tpl on line 1493
2016-12-02 5:25:23 - PHP Notice:  Undefined variable: button_remove in C:\xampp\htdocs\mircatus\catalog\view\theme\default\template\sellerproduct\product_form.tpl on line 1519
2016-12-02 5:25:23 - PHP Notice:  Undefined variable: button_remove in C:\xampp\htdocs\mircatus\catalog\view\theme\default\template\sellerproduct\product_form.tpl on line 1538
2016-12-02 5:25:23 - PHP Notice:  Undefined variable: button_remove in C:\xampp\htdocs\mircatus\catalog\view\theme\default\template\sellerproduct\product_form.tpl on line 1569
2016-12-02 5:26:02 - PHP Notice:  Undefined variable: button_save in C:\xampp\htdocs\mircatus\admin\view\template\seller\setting.tpl on line 6
2016-12-02 5:26:02 - PHP Notice:  Undefined variable: button_cancel in C:\xampp\htdocs\mircatus\admin\view\template\seller\setting.tpl on line 7
2016-12-02 5:26:29 - PHP Notice:  Undefined variable: button_save in C:\xampp\htdocs\mircatus\admin\view\template\seller\setting.tpl on line 6
2016-12-02 5:26:29 - PHP Notice:  Undefined variable: button_cancel in C:\xampp\htdocs\mircatus\admin\view\template\seller\setting.tpl on line 7
